<?xml version="1.0" encoding="UTF-8"?>
<testng-results skipped="0" failed="0" ignored="0" total="1" passed="1">
  <reporter-output>
  </reporter-output>
  <suite name="Test Maven suite" duration-ms="94317" started-at="2019-10-06T14:21:29Z" finished-at="2019-10-06T14:23:03Z">
    <groups>
    </groups>
    <test name="Test Maven Testing" duration-ms="94317" started-at="2019-10-06T14:21:29Z" finished-at="2019-10-06T14:23:03Z">
      <class name="Com.catnav.QAM.TestCases.OrderSubmissionTest">
        <test-method status="PASS" signature="setup()[pri:0, instance:Com.catnav.QAM.TestCases.OrderSubmissionTest@1794d431]" name="setup" is-config="true" duration-ms="43176" started-at="2019-10-06T14:21:29Z" finished-at="2019-10-06T14:22:12Z">
          <reporter-output>
          </reporter-output>
        </test-method> <!-- setup -->
        <test-method status="PASS" signature="verifyOrdersubmission()[pri:0, instance:Com.catnav.QAM.TestCases.OrderSubmissionTest@1794d431]" name="verifyOrdersubmission" duration-ms="51080" started-at="2019-10-06T14:22:12Z" finished-at="2019-10-06T14:23:03Z">
          <reporter-output>
          </reporter-output>
        </test-method> <!-- verifyOrdersubmission -->
        <test-method status="PASS" signature="endup()[pri:0, instance:Com.catnav.QAM.TestCases.OrderSubmissionTest@1794d431]" name="endup" is-config="true" duration-ms="0" started-at="2019-10-06T14:23:03Z" finished-at="2019-10-06T14:23:03Z">
          <reporter-output>
          </reporter-output>
        </test-method> <!-- endup -->
      </class> <!-- Com.catnav.QAM.TestCases.OrderSubmissionTest -->
    </test> <!-- Test Maven Testing -->
  </suite> <!-- Test Maven suite -->
</testng-results>
